  PlayerGameObject.cpp
d:\one drive\onedrive\school\carleton\year 2 (2018-2019)\comp2501\tutorial 5 (1)\tutorial 5\demo\texturedemo\texturedemo\playergameobject.cpp(18): warning C4244: '+=': conversion from 'double' to 'float', possible loss of data
d:\one drive\onedrive\school\carleton\year 2 (2018-2019)\comp2501\tutorial 5 (1)\tutorial 5\demo\texturedemo\texturedemo\playergameobject.cpp(65): warning C4244: '=': conversion from 'double' to 'float', possible loss of data
d:\one drive\onedrive\school\carleton\year 2 (2018-2019)\comp2501\tutorial 5 (1)\tutorial 5\demo\texturedemo\texturedemo\playergameobject.cpp(81): warning C4244: '=': conversion from 'double' to 'float', possible loss of data
d:\one drive\onedrive\school\carleton\year 2 (2018-2019)\comp2501\tutorial 5 (1)\tutorial 5\demo\texturedemo\texturedemo\playergameobject.cpp(96): warning C4305: 'initializing': truncation from 'int' to 'float'
d:\one drive\onedrive\school\carleton\year 2 (2018-2019)\comp2501\tutorial 5 (1)\tutorial 5\demo\texturedemo\texturedemo\playergameobject.cpp(99): warning C4018: '<': signed/unsigned mismatch
  main.cpp
d:\one drive\onedrive\school\carleton\year 2 (2018-2019)\comp2501\tutorial 5 (1)\tutorial 5\demo\texturedemo\texturedemo\main.cpp(170): warning C4305: 'argument': truncation from 'double' to 'float'
d:\one drive\onedrive\school\carleton\year 2 (2018-2019)\comp2501\tutorial 5 (1)\tutorial 5\demo\texturedemo\texturedemo\main.cpp(172): warning C4244: 'argument': conversion from 'time_t' to 'unsigned int', possible loss of data
d:\one drive\onedrive\school\carleton\year 2 (2018-2019)\comp2501\tutorial 5 (1)\tutorial 5\demo\texturedemo\texturedemo\main.cpp(181): warning C4244: 'argument': conversion from 'int' to 'float', possible loss of data
d:\one drive\onedrive\school\carleton\year 2 (2018-2019)\comp2501\tutorial 5 (1)\tutorial 5\demo\texturedemo\texturedemo\main.cpp(208): warning C4305: '+=': truncation from 'double' to 'float'
d:\one drive\onedrive\school\carleton\year 2 (2018-2019)\comp2501\tutorial 5 (1)\tutorial 5\demo\texturedemo\texturedemo\main.cpp(221): warning C4018: '<': signed/unsigned mismatch
d:\one drive\onedrive\school\carleton\year 2 (2018-2019)\comp2501\tutorial 5 (1)\tutorial 5\demo\texturedemo\texturedemo\main.cpp(238): warning C4018: '<': signed/unsigned mismatch
d:\one drive\onedrive\school\carleton\year 2 (2018-2019)\comp2501\tutorial 5 (1)\tutorial 5\demo\texturedemo\texturedemo\main.cpp(257): warning C4244: '+=': conversion from 'float' to 'int', possible loss of data
d:\one drive\onedrive\school\carleton\year 2 (2018-2019)\comp2501\tutorial 5 (1)\tutorial 5\demo\texturedemo\texturedemo\main.cpp(271): warning C4244: 'argument': conversion from 'int' to 'float', possible loss of data
d:\one drive\onedrive\school\carleton\year 2 (2018-2019)\comp2501\tutorial 5 (1)\tutorial 5\demo\texturedemo\texturedemo\main.cpp(285): warning C4244: '+=': conversion from 'float' to 'int', possible loss of data
d:\one drive\onedrive\school\carleton\year 2 (2018-2019)\comp2501\tutorial 5 (1)\tutorial 5\demo\texturedemo\texturedemo\main.cpp(295): warning C4244: 'argument': conversion from 'int' to 'float', possible loss of data
  Generating Code...
  SOIL.lib(SOIL.obj) : MSIL .netmodule or module compiled with /GL found; restarting link with /LTCG; add /LTCG to the link command line to improve linker performance
LINK : warning LNK4075: ignoring '/INCREMENTAL' due to '/LTCG' specification
LINK : warning LNK4098: defaultlib 'LIBCMT' conflicts with use of other libs; use /NODEFAULTLIB:library
LINK : warning LNK4098: defaultlib 'MSVCRT' conflicts with use of other libs; use /NODEFAULTLIB:library
  Generating code
  Finished generating code
Shader.obj : warning LNK4049: locally defined symbol ___glewAttachShader imported
Shader.obj : warning LNK4049: locally defined symbol ___glewCompileShader imported
Shader.obj : warning LNK4049: locally defined symbol ___glewCreateProgram imported
Shader.obj : warning LNK4049: locally defined symbol ___glewCreateShader imported
Shader.obj : warning LNK4049: locally defined symbol ___glewDeleteProgram imported
Shader.obj : warning LNK4049: locally defined symbol ___glewDeleteShader imported
Shader.obj : warning LNK4049: locally defined symbol ___glewEnableVertexAttribArray imported
Shader.obj : warning LNK4049: locally defined symbol ___glewGetAttribLocation imported
Shader.obj : warning LNK4049: locally defined symbol ___glewGetProgramiv imported
Shader.obj : warning LNK4049: locally defined symbol ___glewGetShaderInfoLog imported
Shader.obj : warning LNK4049: locally defined symbol ___glewGetShaderiv imported
Shader.obj : warning LNK4049: locally defined symbol ___glewGetUniformLocation imported
Shader.obj : warning LNK4049: locally defined symbol ___glewLinkProgram imported
Shader.obj : warning LNK4049: locally defined symbol ___glewShaderSource imported
Shader.obj : warning LNK4049: locally defined symbol ___glewUniform1f imported
Shader.obj : warning LNK4049: locally defined symbol ___glewUniform1i imported
Shader.obj : warning LNK4049: locally defined symbol ___glewUniform2f imported
Shader.obj : warning LNK4049: locally defined symbol ___glewUniform3f imported
Shader.obj : warning LNK4049: locally defined symbol ___glewUniform4f imported
Shader.obj : warning LNK4049: locally defined symbol ___glewUniformMatrix4fv imported
Shader.obj : warning LNK4049: locally defined symbol ___glewUseProgram imported
Shader.obj : warning LNK4049: locally defined symbol ___glewVertexAttribPointer imported
Window.obj : warning LNK4049: locally defined symbol _glewInit@0 imported
Window.obj : warning LNK4049: locally defined symbol _glewGetErrorString@4 imported
Window.obj : warning LNK4049: locally defined symbol _glewExperimental imported
SOIL.lib(SOIL.obj) : warning LNK4099: PDB 'SOIL.pdb' was not found with 'SOIL.lib(SOIL.obj)' or at 'D:\One Drive\OneDrive\School\Carleton\Year 2 (2018-2019)\COMP2501\Tutorial 5 (1)\Tutorial 5\Demo\TextureDemo\Debug\SOIL.pdb'; linking object as if no debug info
SOIL.lib(image_helper.obj) : warning LNK4099: PDB 'SOIL.pdb' was not found with 'SOIL.lib(image_helper.obj)' or at 'D:\One Drive\OneDrive\School\Carleton\Year 2 (2018-2019)\COMP2501\Tutorial 5 (1)\Tutorial 5\Demo\TextureDemo\Debug\SOIL.pdb'; linking object as if no debug info
SOIL.lib(stb_image_aug.obj) : warning LNK4099: PDB 'SOIL.pdb' was not found with 'SOIL.lib(stb_image_aug.obj)' or at 'D:\One Drive\OneDrive\School\Carleton\Year 2 (2018-2019)\COMP2501\Tutorial 5 (1)\Tutorial 5\Demo\TextureDemo\Debug\SOIL.pdb'; linking object as if no debug info
SOIL.lib(image_DXT.obj) : warning LNK4099: PDB 'SOIL.pdb' was not found with 'SOIL.lib(image_DXT.obj)' or at 'D:\One Drive\OneDrive\School\Carleton\Year 2 (2018-2019)\COMP2501\Tutorial 5 (1)\Tutorial 5\Demo\TextureDemo\Debug\SOIL.pdb'; linking object as if no debug info
glew32s.lib(glew.obj) : warning LNK4099: PDB 'glew_static.pdb' was not found with 'glew32s.lib(glew.obj)' or at 'D:\One Drive\OneDrive\School\Carleton\Year 2 (2018-2019)\COMP2501\Tutorial 5 (1)\Tutorial 5\Demo\TextureDemo\Debug\glew_static.pdb'; linking object as if no debug info
  TextureDemo.vcxproj -> D:\One Drive\OneDrive\School\Carleton\Year 2 (2018-2019)\COMP2501\Tutorial 5 (1)\Tutorial 5\Demo\TextureDemo\Debug\TextureDemo.exe
